<?xml version="1.0" encoding="UTF-8"?>
<testsuites name="Mocha Tests" time="5.390" tests="1" failures="0">
  <testsuite name="Root Suite" timestamp="2026-02-23T16:46:31" tests="0" file="cypress/e2e/profile_update.cy.js" time="0.000" failures="0">
  </testsuite>
  <testsuite name="Profile update and re-login" timestamp="2026-02-23T16:46:31" tests="1" time="5.386" failures="0">
    <testcase name="Profile update and re-login register, update profile, logout, re-login" time="5.317" classname="register, update profile, logout, re-login">
    </testcase>
  </testsuite>
</testsuites>