<?xml version="1.0" encoding="UTF-8"?>
<testsuites name="Mocha Tests" time="8.165" tests="1" failures="0">
  <testsuite name="Root Suite" timestamp="2026-02-23T14:08:00" tests="0" file="cypress/e2e/full_flow.cy.js" time="0.000" failures="0">
  </testsuite>
  <testsuite name="Full integration flow" timestamp="2026-02-23T14:08:00" tests="1" time="8.157" failures="0">
    <testcase name="Full integration flow register, login, comment, logout" time="7.998" classname="register, login, comment, logout">
    </testcase>
  </testsuite>
</testsuites>